TN:
SF:src/funciones/addNote.ts
FN:12,addNote
FNF:1
FNH:1
FNDA:17,addNote
DA:1,1
DA:2,1
DA:12,1
DA:14,17
DA:15,17
DA:17,7
DA:20,17
DA:21,17
DA:23,10
DA:24,10
DA:25,1
DA:27,9
DA:28,9
DA:33,7
DA:34,7
DA:35,7
LF:16
LH:16
BRF:0
BRH:0
end_of_record
TN:
SF:src/funciones/listNotes.ts
FN:9,listNotes
FN:17,(anonymous_2)
FNF:2
FNH:2
FNDA:2,listNotes
FNDA:2,(anonymous_2)
DA:1,1
DA:2,1
DA:9,1
DA:10,2
DA:12,2
DA:13,1
DA:16,1
DA:17,2
DA:18,1
DA:21,1
LF:10
LH:10
BRF:0
BRH:0
end_of_record
TN:
SF:src/funciones/modifyNote.ts
FN:12,modifyNote
FNF:1
FNH:1
FNDA:2,modifyNote
DA:1,1
DA:2,1
DA:12,1
DA:13,2
DA:14,2
DA:16,1
DA:17,1
DA:20,1
LF:8
LH:8
BRF:0
BRH:0
end_of_record
TN:
SF:src/funciones/readNote.ts
FN:10,printColor
FN:31,readNote
FNF:2
FNH:2
FNDA:9,printColor
FNDA:10,readNote
DA:1,1
DA:2,1
DA:11,9
DA:12,9
DA:13,1
DA:14,1
DA:15,1
DA:16,1
DA:17,1
DA:18,1
DA:19,1
DA:20,1
DA:21,1
DA:31,1
DA:32,10
DA:34,10
DA:35,9
DA:38,9
DA:41,1
LF:19
LH:19
BRDA:12,0,0,1
BRDA:12,0,1,1
BRDA:12,0,2,1
BRDA:12,0,3,1
BRDA:12,0,4,1
BRDA:12,0,5,1
BRDA:12,0,6,1
BRDA:12,0,7,1
BRDA:12,0,8,1
BRF:9
BRH:9
end_of_record
TN:
SF:src/funciones/removeNote.ts
FN:10,removeNote
FNF:1
FNH:1
FNDA:17,removeNote
DA:1,1
DA:2,1
DA:10,1
DA:11,17
DA:12,17
DA:13,16
DA:15,16
DA:16,7
DA:19,16
DA:20,7
DA:23,16
DA:25,1
LF:12
LH:12
BRDA:15,0,0,7
BRDA:15,0,1,9
BRDA:19,1,0,7
BRDA:19,1,1,9
BRF:4
BRH:4
end_of_record
